#-----------------------------------------------------------
# Vivado v2020.1 (64-bit)
# SW Build 2902540 on Wed May 27 19:54:49 MDT 2020
# IP Build 2902112 on Wed May 27 22:43:36 MDT 2020
# Start of session at: Sat Feb  6 12:13:32 2021
# Process ID: 5736
# Current directory: C:/Users/Joaquín/Downloads/Trabajo_VHDL/Secret_PSW_DEF_Base/Secret_PSW_DEF_Base
# Command line: vivado.exe -gui_launcher_event rodinguilauncherevent7460 C:\Users\Joaquín\Downloads\Trabajo_VHDL\Secret_PSW_DEF_Base\Secret_PSW_DEF_Base\Secret_PSW_DEF_Base.xpr
# Log file: C:/Users/Joaquín/Downloads/Trabajo_VHDL/Secret_PSW_DEF_Base/Secret_PSW_DEF_Base/vivado.log
# Journal file: C:/Users/Joaquín/Downloads/Trabajo_VHDL/Secret_PSW_DEF_Base/Secret_PSW_DEF_Base\vivado.jou
#-----------------------------------------------------------
start_gui
open_project C:/Users/Joaquín/Downloads/Trabajo_VHDL/Secret_PSW_DEF_Base/Secret_PSW_DEF_Base/Secret_PSW_DEF_Base.xpr
INFO: [Project 1-313] Project file moved from 'C:/Users/Usuario/Desktop/Secret_PSW_DEF_Base/Secret_PSW_DEF_Base' since last save.
Scanning sources...
Finished scanning sources
INFO: [IP_Flow 19-234] Refreshing IP repositories
INFO: [IP_Flow 19-1704] No user IP repositories specified
INFO: [IP_Flow 19-2313] Loaded Vivado IP repository 'D:/Vivado/2020.1/data/ip'.
open_project: Time (s): cpu = 00:00:39 ; elapsed = 00:00:32 . Memory (MB): peak = 1015.195 ; gain = 0.000
update_compile_order -fileset sources_1
launch_simulation
Command: launch_simulation 
INFO: [Vivado 12-5682] Launching behavioral simulation in 'C:/Users/Joaquín/Downloads/Trabajo_VHDL/Secret_PSW_DEF_Base/Secret_PSW_DEF_Base/Secret_PSW_DEF_Base.sim/sim_1/behav/xsim'
INFO: [SIM-utils-51] Simulation object is 'sim_1'
INFO: [SIM-utils-54] Inspecting design source files for 'TOP_tb' in fileset 'sim_1'...
INFO: [USF-XSim-97] Finding global include files...
INFO: [USF-XSim-98] Fetching design files from 'sim_1'...
INFO: [USF-XSim-2] XSim::Compile design
INFO: [USF-XSim-61] Executing 'COMPILE and ANALYZE' step in 'C:/Users/Joaquín/Downloads/Trabajo_VHDL/Secret_PSW_DEF_Base/Secret_PSW_DEF_Base/Secret_PSW_DEF_Base.sim/sim_1/behav/xsim'
"xvhdl --incr --relax -prj TOP_tb_vhdl.prj"
INFO: [VRFC 10-163] Analyzing VHDL file "C:/Users/Joaquín/Downloads/Trabajo_VHDL/Secret_PSW_DEF_Base/Secret_PSW_DEF_Base/Secret_PSW_DEF_Base.srcs/sources_1/new/CLK_CONTROL.vhd" into library xil_defaultlib
INFO: [VRFC 10-3107] analyzing entity 'CLK_CONTROL'
INFO: [VRFC 10-163] Analyzing VHDL file "C:/Users/Joaquín/Downloads/Trabajo_VHDL/Secret_PSW_DEF_Base/Secret_PSW_DEF_Base/Secret_PSW_DEF_Base.srcs/sources_1/new/Display.vhd" into library xil_defaultlib
INFO: [VRFC 10-3107] analyzing entity 'Display'
INFO: [VRFC 10-163] Analyzing VHDL file "C:/Users/Joaquín/Downloads/Trabajo_VHDL/Secret_PSW_DEF_Base/Secret_PSW_DEF_Base/Secret_PSW_DEF_Base.srcs/sources_1/new/FSM.vhd" into library xil_defaultlib
INFO: [VRFC 10-3107] analyzing entity 'FSM'
INFO: [VRFC 10-163] Analyzing VHDL file "C:/Users/Joaquín/Downloads/Trabajo_VHDL/Secret_PSW_DEF_Base/Secret_PSW_DEF_Base/Secret_PSW_DEF_Base.srcs/sources_1/new/SINCRONIZADOR.vhd" into library xil_defaultlib
INFO: [VRFC 10-3107] analyzing entity 'SINCRONIZADOR'
INFO: [VRFC 10-163] Analyzing VHDL file "C:/Users/Joaquín/Downloads/Trabajo_VHDL/Secret_PSW_DEF_Base/Secret_PSW_DEF_Base/Secret_PSW_DEF_Base.srcs/sources_1/new/SWITCH.vhd" into library xil_defaultlib
INFO: [VRFC 10-3107] analyzing entity 'Switches'
INFO: [VRFC 10-163] Analyzing VHDL file "C:/Users/Joaquín/Downloads/Trabajo_VHDL/Secret_PSW_DEF_Base/Secret_PSW_DEF_Base/Secret_PSW_DEF_Base.srcs/sources_1/new/TOP.vhd" into library xil_defaultlib
INFO: [VRFC 10-3107] analyzing entity 'TOP'
INFO: [VRFC 10-163] Analyzing VHDL file "C:/Users/Joaquín/Downloads/Trabajo_VHDL/Secret_PSW_DEF_Base/Secret_PSW_DEF_Base/Secret_PSW_DEF_Base.srcs/sim_1/new/TOP_TESTBENCH.vhd" into library xil_defaultlib
INFO: [VRFC 10-3107] analyzing entity 'TOP_tb'
run_program: Time (s): cpu = 00:00:01 ; elapsed = 00:00:05 . Memory (MB): peak = 1015.195 ; gain = 0.000
INFO: [USF-XSim-69] 'compile' step finished in '5' seconds
INFO: [USF-XSim-3] XSim::Elaborate design
INFO: [USF-XSim-61] Executing 'ELABORATE' step in 'C:/Users/Joaquín/Downloads/Trabajo_VHDL/Secret_PSW_DEF_Base/Secret_PSW_DEF_Base/Secret_PSW_DEF_Base.sim/sim_1/behav/xsim'
"xelab -wto 095eb5efe2c34a95889ea57d33373f2d --incr --debug typical --relax --mt 2 -L xil_defaultlib -L secureip --snapshot TOP_tb_behav xil_defaultlib.TOP_tb -log elaborate.log"
Vivado Simulator 2020.1
Copyright 1986-1999, 2001-2020 Xilinx, Inc. All Rights Reserved.
Running: D:/Vivado/2020.1/bin/unwrapped/win64.o/xelab.exe -wto 095eb5efe2c34a95889ea57d33373f2d --incr --debug typical --relax --mt 2 -L xil_defaultlib -L secureip --snapshot TOP_tb_behav xil_defaultlib.TOP_tb -log elaborate.log 
Using 2 slave threads.
Starting static elaboration
Completed static elaboration
Starting simulation data flow analysis
Completed simulation data flow analysis
Time Resolution for simulation is 1ps
Compiling package std.standard
Compiling package std.textio
Compiling package ieee.std_logic_1164
Compiling package ieee.numeric_std
Compiling package ieee.std_logic_arith
Compiling package ieee.std_logic_unsigned
Compiling architecture behavioral of entity xil_defaultlib.CLK_CONTROL [clk_control_default]
Compiling architecture behavioral of entity xil_defaultlib.SINCRONIZADOR [sincronizador_default]
Compiling architecture behavioral of entity xil_defaultlib.Switches [switches_default]
Compiling architecture behavioral of entity xil_defaultlib.FSM [fsm_default]
Compiling architecture behavioral of entity xil_defaultlib.Display [display_default]
Compiling architecture behavioral of entity xil_defaultlib.TOP [top_default]
Compiling architecture test of entity xil_defaultlib.top_tb
Built simulation snapshot TOP_tb_behav

****** Webtalk v2020.1 (64-bit)
  **** SW Build 2902540 on Wed May 27 19:54:49 MDT 2020
  **** IP Build 2902112 on Wed May 27 22:43:36 MDT 2020
    ** Copyright 1986-2020 Xilinx, Inc. All Rights Reserved.

source C:/Users/Joaquín/Downloads/Trabajo_VHDL/Secret_PSW_DEF_Base/Secret_PSW_DEF_Base/Secret_PSW_DEF_Base.sim/sim_1/behav/xsim/xsim.dir/TOP_tb_behav/webtalk/xsim_webtalk.tcl -notrace
INFO: [Common 17-186] 'C:/Users/Joaquín/Downloads/Trabajo_VHDL/Secret_PSW_DEF_Base/Secret_PSW_DEF_Base/Secret_PSW_DEF_Base.sim/sim_1/behav/xsim/xsim.dir/TOP_tb_behav/webtalk/usage_statistics_ext_xsim.xml' has been successfully sent to Xilinx on Sat Feb  6 12:45:19 2021. For additional details about this file, please refer to the WebTalk help file at D:/Vivado/2020.1/doc/webtalk_introduction.html.
INFO: [Common 17-206] Exiting Webtalk at Sat Feb  6 12:45:19 2021...
run_program: Time (s): cpu = 00:00:01 ; elapsed = 00:00:18 . Memory (MB): peak = 1015.195 ; gain = 0.000
INFO: [USF-XSim-69] 'elaborate' step finished in '18' seconds
INFO: [USF-XSim-4] XSim::Simulate design
INFO: [USF-XSim-61] Executing 'SIMULATE' step in 'C:/Users/Joaquín/Downloads/Trabajo_VHDL/Secret_PSW_DEF_Base/Secret_PSW_DEF_Base/Secret_PSW_DEF_Base.sim/sim_1/behav/xsim'
INFO: [USF-XSim-98] *** Running xsim
   with args "TOP_tb_behav -key {Behavioral:sim_1:Functional:TOP_tb} -tclbatch {TOP_tb.tcl} -log {simulate.log}"
INFO: [USF-XSim-8] Loading simulator feature
Vivado Simulator 2020.1
Time resolution is 1 ps
source TOP_tb.tcl
# set curr_wave [current_wave_config]
# if { [string length $curr_wave] == 0 } {
#   if { [llength [get_objects]] > 0} {
#     add_wave /
#     set_property needs_save false [current_wave_config]
#   } else {
#      send_msg_id Add_Wave-1 WARNING "No top level signals found. Simulator will start without a wave window. If you want to open a wave window go to 'File->New Waveform Configuration' or type 'create_wave_config' in the TCL console."
#   }
# }
# run 1000ns
xsim: Time (s): cpu = 00:00:11 ; elapsed = 00:00:10 . Memory (MB): peak = 1015.195 ; gain = 0.000
INFO: [USF-XSim-96] XSim completed. Design snapshot 'TOP_tb_behav' loaded.
INFO: [USF-XSim-97] XSim simulation ran for 1000ns
launch_simulation: Time (s): cpu = 00:00:15 ; elapsed = 00:00:37 . Memory (MB): peak = 1015.195 ; gain = 0.000
run all
Failure: [SUCCESS]: simulation finished.
Time: 40 s  Iteration: 0  Process: /TOP_tb/line__104  File: C:/Users/Joaquín/Downloads/Trabajo_VHDL/Secret_PSW_DEF_Base/Secret_PSW_DEF_Base/Secret_PSW_DEF_Base.srcs/sim_1/new/TOP_TESTBENCH.vhd
$finish called at time : 40 s : File "C:/Users/Joaquín/Downloads/Trabajo_VHDL/Secret_PSW_DEF_Base/Secret_PSW_DEF_Base/Secret_PSW_DEF_Base.srcs/sim_1/new/TOP_TESTBENCH.vhd" Line 109
close_sim
INFO: [Common 17-41] Interrupt caught. Command should exit soon.
INFO: [Simtcl 6-16] Simulation closed
close_sim: Time (s): cpu = 00:00:02 ; elapsed = 00:00:08 . Memory (MB): peak = 1015.195 ; gain = 0.000
INFO: [Common 17-344] 'close_sim' was cancelled
launch_simulation
Command: launch_simulation 
INFO: [Vivado 12-5682] Launching behavioral simulation in 'C:/Users/Joaquín/Downloads/Trabajo_VHDL/Secret_PSW_DEF_Base/Secret_PSW_DEF_Base/Secret_PSW_DEF_Base.sim/sim_1/behav/xsim'
INFO: [SIM-utils-51] Simulation object is 'sim_1'
INFO: [SIM-utils-54] Inspecting design source files for 'TOP_tb' in fileset 'sim_1'...
INFO: [USF-XSim-97] Finding global include files...
INFO: [USF-XSim-98] Fetching design files from 'sim_1'...
INFO: [USF-XSim-2] XSim::Compile design
INFO: [USF-XSim-61] Executing 'COMPILE and ANALYZE' step in 'C:/Users/Joaquín/Downloads/Trabajo_VHDL/Secret_PSW_DEF_Base/Secret_PSW_DEF_Base/Secret_PSW_DEF_Base.sim/sim_1/behav/xsim'
"xvhdl --incr --relax -prj TOP_tb_vhdl.prj"
INFO: [VRFC 10-163] Analyzing VHDL file "C:/Users/Joaquín/Downloads/Trabajo_VHDL/Secret_PSW_DEF_Base/Secret_PSW_DEF_Base/Secret_PSW_DEF_Base.srcs/sim_1/new/TOP_TESTBENCH.vhd" into library xil_defaultlib
INFO: [VRFC 10-3107] analyzing entity 'TOP_tb'
INFO: [USF-XSim-69] 'compile' step finished in '2' seconds
INFO: [USF-XSim-3] XSim::Elaborate design
INFO: [USF-XSim-61] Executing 'ELABORATE' step in 'C:/Users/Joaquín/Downloads/Trabajo_VHDL/Secret_PSW_DEF_Base/Secret_PSW_DEF_Base/Secret_PSW_DEF_Base.sim/sim_1/behav/xsim'
"xelab -wto 095eb5efe2c34a95889ea57d33373f2d --incr --debug typical --relax --mt 2 -L xil_defaultlib -L secureip --snapshot TOP_tb_behav xil_defaultlib.TOP_tb -log elaborate.log"
Vivado Simulator 2020.1
Copyright 1986-1999, 2001-2020 Xilinx, Inc. All Rights Reserved.
Running: D:/Vivado/2020.1/bin/unwrapped/win64.o/xelab.exe -wto 095eb5efe2c34a95889ea57d33373f2d --incr --debug typical --relax --mt 2 -L xil_defaultlib -L secureip --snapshot TOP_tb_behav xil_defaultlib.TOP_tb -log elaborate.log 
Using 2 slave threads.
Starting static elaboration
Completed static elaboration
Starting simulation data flow analysis
Completed simulation data flow analysis
Time Resolution for simulation is 1ps
Compiling package std.standard
Compiling package std.textio
Compiling package ieee.std_logic_1164
Compiling package ieee.numeric_std
Compiling package ieee.std_logic_arith
Compiling package ieee.std_logic_unsigned
Compiling architecture behavioral of entity xil_defaultlib.CLK_CONTROL [clk_control_default]
Compiling architecture behavioral of entity xil_defaultlib.SINCRONIZADOR [sincronizador_default]
Compiling architecture behavioral of entity xil_defaultlib.Switches [switches_default]
Compiling architecture behavioral of entity xil_defaultlib.FSM [fsm_default]
Compiling architecture behavioral of entity xil_defaultlib.Display [display_default]
Compiling architecture behavioral of entity xil_defaultlib.TOP [top_default]
Compiling architecture test of entity xil_defaultlib.top_tb
Built simulation snapshot TOP_tb_behav
INFO: [USF-XSim-69] 'elaborate' step finished in '3' seconds
INFO: [USF-XSim-4] XSim::Simulate design
INFO: [USF-XSim-61] Executing 'SIMULATE' step in 'C:/Users/Joaquín/Downloads/Trabajo_VHDL/Secret_PSW_DEF_Base/Secret_PSW_DEF_Base/Secret_PSW_DEF_Base.sim/sim_1/behav/xsim'
INFO: [USF-XSim-98] *** Running xsim
   with args "TOP_tb_behav -key {Behavioral:sim_1:Functional:TOP_tb} -tclbatch {TOP_tb.tcl} -log {simulate.log}"
INFO: [USF-XSim-8] Loading simulator feature
Vivado Simulator 2020.1
Time resolution is 1 ps
source TOP_tb.tcl
# set curr_wave [current_wave_config]
# if { [string length $curr_wave] == 0 } {
#   if { [llength [get_objects]] > 0} {
#     add_wave /
#     set_property needs_save false [current_wave_config]
#   } else {
#      send_msg_id Add_Wave-1 WARNING "No top level signals found. Simulator will start without a wave window. If you want to open a wave window go to 'File->New Waveform Configuration' or type 'create_wave_config' in the TCL console."
#   }
# }
# run 1000ns
xsim: Time (s): cpu = 00:00:09 ; elapsed = 00:00:06 . Memory (MB): peak = 1015.195 ; gain = 0.000
INFO: [USF-XSim-96] XSim completed. Design snapshot 'TOP_tb_behav' loaded.
INFO: [USF-XSim-97] XSim simulation ran for 1000ns
launch_simulation: Time (s): cpu = 00:00:11 ; elapsed = 00:00:14 . Memory (MB): peak = 1015.195 ; gain = 0.000
close_sim
INFO: [Simtcl 6-16] Simulation closed
launch_simulation
Command: launch_simulation 
INFO: [Vivado 12-5682] Launching behavioral simulation in 'C:/Users/Joaquín/Downloads/Trabajo_VHDL/Secret_PSW_DEF_Base/Secret_PSW_DEF_Base/Secret_PSW_DEF_Base.sim/sim_1/behav/xsim'
INFO: [SIM-utils-51] Simulation object is 'sim_1'
INFO: [SIM-utils-54] Inspecting design source files for 'TOP_tb' in fileset 'sim_1'...
INFO: [USF-XSim-97] Finding global include files...
INFO: [USF-XSim-98] Fetching design files from 'sim_1'...
INFO: [USF-XSim-2] XSim::Compile design
INFO: [USF-XSim-61] Executing 'COMPILE and ANALYZE' step in 'C:/Users/Joaquín/Downloads/Trabajo_VHDL/Secret_PSW_DEF_Base/Secret_PSW_DEF_Base/Secret_PSW_DEF_Base.sim/sim_1/behav/xsim'
"xvhdl --incr --relax -prj TOP_tb_vhdl.prj"
INFO: [VRFC 10-163] Analyzing VHDL file "C:/Users/Joaquín/Downloads/Trabajo_VHDL/Secret_PSW_DEF_Base/Secret_PSW_DEF_Base/Secret_PSW_DEF_Base.srcs/sim_1/new/TOP_TESTBENCH.vhd" into library xil_defaultlib
INFO: [VRFC 10-3107] analyzing entity 'TOP_tb'
INFO: [USF-XSim-69] 'compile' step finished in '3' seconds
INFO: [USF-XSim-3] XSim::Elaborate design
INFO: [USF-XSim-61] Executing 'ELABORATE' step in 'C:/Users/Joaquín/Downloads/Trabajo_VHDL/Secret_PSW_DEF_Base/Secret_PSW_DEF_Base/Secret_PSW_DEF_Base.sim/sim_1/behav/xsim'
"xelab -wto 095eb5efe2c34a95889ea57d33373f2d --incr --debug typical --relax --mt 2 -L xil_defaultlib -L secureip --snapshot TOP_tb_behav xil_defaultlib.TOP_tb -log elaborate.log"
Vivado Simulator 2020.1
Copyright 1986-1999, 2001-2020 Xilinx, Inc. All Rights Reserved.
Running: D:/Vivado/2020.1/bin/unwrapped/win64.o/xelab.exe -wto 095eb5efe2c34a95889ea57d33373f2d --incr --debug typical --relax --mt 2 -L xil_defaultlib -L secureip --snapshot TOP_tb_behav xil_defaultlib.TOP_tb -log elaborate.log 
Using 2 slave threads.
Starting static elaboration
Completed static elaboration
Starting simulation data flow analysis
Completed simulation data flow analysis
Time Resolution for simulation is 1ps
Compiling package std.standard
Compiling package std.textio
Compiling package ieee.std_logic_1164
Compiling package ieee.numeric_std
Compiling package ieee.std_logic_arith
Compiling package ieee.std_logic_unsigned
Compiling architecture behavioral of entity xil_defaultlib.CLK_CONTROL [clk_control_default]
Compiling architecture behavioral of entity xil_defaultlib.SINCRONIZADOR [sincronizador_default]
Compiling architecture behavioral of entity xil_defaultlib.Switches [switches_default]
Compiling architecture behavioral of entity xil_defaultlib.FSM [fsm_default]
Compiling architecture behavioral of entity xil_defaultlib.Display [display_default]
Compiling architecture behavioral of entity xil_defaultlib.TOP [top_default]
Compiling architecture test of entity xil_defaultlib.top_tb
Built simulation snapshot TOP_tb_behav
INFO: [USF-XSim-69] 'elaborate' step finished in '3' seconds
INFO: [USF-XSim-4] XSim::Simulate design
INFO: [USF-XSim-61] Executing 'SIMULATE' step in 'C:/Users/Joaquín/Downloads/Trabajo_VHDL/Secret_PSW_DEF_Base/Secret_PSW_DEF_Base/Secret_PSW_DEF_Base.sim/sim_1/behav/xsim'
INFO: [USF-XSim-98] *** Running xsim
   with args "TOP_tb_behav -key {Behavioral:sim_1:Functional:TOP_tb} -tclbatch {TOP_tb.tcl} -log {simulate.log}"
INFO: [USF-XSim-8] Loading simulator feature
Vivado Simulator 2020.1
Time resolution is 1 ps
source TOP_tb.tcl
# set curr_wave [current_wave_config]
# if { [string length $curr_wave] == 0 } {
#   if { [llength [get_objects]] > 0} {
#     add_wave /
#     set_property needs_save false [current_wave_config]
#   } else {
#      send_msg_id Add_Wave-1 WARNING "No top level signals found. Simulator will start without a wave window. If you want to open a wave window go to 'File->New Waveform Configuration' or type 'create_wave_config' in the TCL console."
#   }
# }
# run 1000ns
INFO: [USF-XSim-96] XSim completed. Design snapshot 'TOP_tb_behav' loaded.
INFO: [USF-XSim-97] XSim simulation ran for 1000ns
launch_simulation: Time (s): cpu = 00:00:09 ; elapsed = 00:00:11 . Memory (MB): peak = 1015.195 ; gain = 0.000
run all
Failure: [SUCCESS]: simulation finished.
Time: 50 s  Iteration: 0  Process: /TOP_tb/line__104  File: C:/Users/Joaquín/Downloads/Trabajo_VHDL/Secret_PSW_DEF_Base/Secret_PSW_DEF_Base/Secret_PSW_DEF_Base.srcs/sim_1/new/TOP_TESTBENCH.vhd
$finish called at time : 50 s : File "C:/Users/Joaquín/Downloads/Trabajo_VHDL/Secret_PSW_DEF_Base/Secret_PSW_DEF_Base/Secret_PSW_DEF_Base.srcs/sim_1/new/TOP_TESTBENCH.vhd" Line 109
close_sim
INFO: [Simtcl 6-16] Simulation closed
launch_simulation
Command: launch_simulation 
INFO: [Vivado 12-5682] Launching behavioral simulation in 'C:/Users/Joaquín/Downloads/Trabajo_VHDL/Secret_PSW_DEF_Base/Secret_PSW_DEF_Base/Secret_PSW_DEF_Base.sim/sim_1/behav/xsim'
INFO: [SIM-utils-51] Simulation object is 'sim_1'
INFO: [SIM-utils-54] Inspecting design source files for 'TOP_tb' in fileset 'sim_1'...
INFO: [USF-XSim-97] Finding global include files...
INFO: [USF-XSim-98] Fetching design files from 'sim_1'...
INFO: [USF-XSim-2] XSim::Compile design
INFO: [USF-XSim-61] Executing 'COMPILE and ANALYZE' step in 'C:/Users/Joaquín/Downloads/Trabajo_VHDL/Secret_PSW_DEF_Base/Secret_PSW_DEF_Base/Secret_PSW_DEF_Base.sim/sim_1/behav/xsim'
"xvhdl --incr --relax -prj TOP_tb_vhdl.prj"
INFO: [VRFC 10-163] Analyzing VHDL file "C:/Users/Joaquín/Downloads/Trabajo_VHDL/Secret_PSW_DEF_Base/Secret_PSW_DEF_Base/Secret_PSW_DEF_Base.srcs/sim_1/new/TOP_TESTBENCH.vhd" into library xil_defaultlib
INFO: [VRFC 10-3107] analyzing entity 'TOP_tb'
INFO: [USF-XSim-69] 'compile' step finished in '2' seconds
INFO: [USF-XSim-3] XSim::Elaborate design
INFO: [USF-XSim-61] Executing 'ELABORATE' step in 'C:/Users/Joaquín/Downloads/Trabajo_VHDL/Secret_PSW_DEF_Base/Secret_PSW_DEF_Base/Secret_PSW_DEF_Base.sim/sim_1/behav/xsim'
"xelab -wto 095eb5efe2c34a95889ea57d33373f2d --incr --debug typical --relax --mt 2 -L xil_defaultlib -L secureip --snapshot TOP_tb_behav xil_defaultlib.TOP_tb -log elaborate.log"
Vivado Simulator 2020.1
Copyright 1986-1999, 2001-2020 Xilinx, Inc. All Rights Reserved.
Running: D:/Vivado/2020.1/bin/unwrapped/win64.o/xelab.exe -wto 095eb5efe2c34a95889ea57d33373f2d --incr --debug typical --relax --mt 2 -L xil_defaultlib -L secureip --snapshot TOP_tb_behav xil_defaultlib.TOP_tb -log elaborate.log 
Using 2 slave threads.
Starting static elaboration
Completed static elaboration
Starting simulation data flow analysis
Completed simulation data flow analysis
Time Resolution for simulation is 1ps
Compiling package std.standard
Compiling package std.textio
Compiling package ieee.std_logic_1164
Compiling package ieee.numeric_std
Compiling package ieee.std_logic_arith
Compiling package ieee.std_logic_unsigned
Compiling architecture behavioral of entity xil_defaultlib.CLK_CONTROL [clk_control_default]
Compiling architecture behavioral of entity xil_defaultlib.SINCRONIZADOR [sincronizador_default]
Compiling architecture behavioral of entity xil_defaultlib.Switches [switches_default]
Compiling architecture behavioral of entity xil_defaultlib.FSM [fsm_default]
Compiling architecture behavioral of entity xil_defaultlib.Display [display_default]
Compiling architecture behavioral of entity xil_defaultlib.TOP [top_default]
Compiling architecture test of entity xil_defaultlib.top_tb
Built simulation snapshot TOP_tb_behav
INFO: [USF-XSim-69] 'elaborate' step finished in '3' seconds
INFO: [USF-XSim-4] XSim::Simulate design
INFO: [USF-XSim-61] Executing 'SIMULATE' step in 'C:/Users/Joaquín/Downloads/Trabajo_VHDL/Secret_PSW_DEF_Base/Secret_PSW_DEF_Base/Secret_PSW_DEF_Base.sim/sim_1/behav/xsim'
INFO: [USF-XSim-98] *** Running xsim
   with args "TOP_tb_behav -key {Behavioral:sim_1:Functional:TOP_tb} -tclbatch {TOP_tb.tcl} -log {simulate.log}"
INFO: [USF-XSim-8] Loading simulator feature
Vivado Simulator 2020.1
Time resolution is 1 ps
source TOP_tb.tcl
# set curr_wave [current_wave_config]
# if { [string length $curr_wave] == 0 } {
#   if { [llength [get_objects]] > 0} {
#     add_wave /
#     set_property needs_save false [current_wave_config]
#   } else {
#      send_msg_id Add_Wave-1 WARNING "No top level signals found. Simulator will start without a wave window. If you want to open a wave window go to 'File->New Waveform Configuration' or type 'create_wave_config' in the TCL console."
#   }
# }
# run 1000ns
INFO: [USF-XSim-96] XSim completed. Design snapshot 'TOP_tb_behav' loaded.
INFO: [USF-XSim-97] XSim simulation ran for 1000ns
launch_simulation: Time (s): cpu = 00:00:06 ; elapsed = 00:00:10 . Memory (MB): peak = 1015.195 ; gain = 0.000
run all
Failure: [SUCCESS]: simulation finished.
Time: 50 s  Iteration: 0  Process: /TOP_tb/line__104  File: C:/Users/Joaquín/Downloads/Trabajo_VHDL/Secret_PSW_DEF_Base/Secret_PSW_DEF_Base/Secret_PSW_DEF_Base.srcs/sim_1/new/TOP_TESTBENCH.vhd
$finish called at time : 50 s : File "C:/Users/Joaquín/Downloads/Trabajo_VHDL/Secret_PSW_DEF_Base/Secret_PSW_DEF_Base/Secret_PSW_DEF_Base.srcs/sim_1/new/TOP_TESTBENCH.vhd" Line 109
set_property SOURCE_SET sources_1 [get_filesets sim_1]
close [ open C:/Users/Joaquín/Downloads/Trabajo_VHDL/Secret_PSW_DEF_Base/Secret_PSW_DEF_Base/Secret_PSW_DEF_Base.srcs/sim_1/new/SINCRONIZER_tb.vhd w ]
add_files -fileset sim_1 C:/Users/Joaquín/Downloads/Trabajo_VHDL/Secret_PSW_DEF_Base/Secret_PSW_DEF_Base/Secret_PSW_DEF_Base.srcs/sim_1/new/SINCRONIZER_tb.vhd
update_compile_order -fileset sim_1
close_sim
INFO: [Simtcl 6-16] Simulation closed
launch_simulation
Command: launch_simulation 
INFO: [Vivado 12-5682] Launching behavioral simulation in 'C:/Users/Joaquín/Downloads/Trabajo_VHDL/Secret_PSW_DEF_Base/Secret_PSW_DEF_Base/Secret_PSW_DEF_Base.sim/sim_1/behav/xsim'
INFO: [SIM-utils-51] Simulation object is 'sim_1'
INFO: [SIM-utils-54] Inspecting design source files for 'TOP_tb' in fileset 'sim_1'...
INFO: [USF-XSim-97] Finding global include files...
INFO: [USF-XSim-98] Fetching design files from 'sim_1'...
INFO: [USF-XSim-2] XSim::Compile design
INFO: [USF-XSim-61] Executing 'COMPILE and ANALYZE' step in 'C:/Users/Joaquín/Downloads/Trabajo_VHDL/Secret_PSW_DEF_Base/Secret_PSW_DEF_Base/Secret_PSW_DEF_Base.sim/sim_1/behav/xsim'
"xvhdl --incr --relax -prj TOP_tb_vhdl.prj"
INFO: [VRFC 10-163] Analyzing VHDL file "C:/Users/Joaquín/Downloads/Trabajo_VHDL/Secret_PSW_DEF_Base/Secret_PSW_DEF_Base/Secret_PSW_DEF_Base.srcs/sources_1/new/FSM.vhd" into library xil_defaultlib
INFO: [VRFC 10-3107] analyzing entity 'FSM'
INFO: [USF-XSim-69] 'compile' step finished in '2' seconds
INFO: [USF-XSim-3] XSim::Elaborate design
INFO: [USF-XSim-61] Executing 'ELABORATE' step in 'C:/Users/Joaquín/Downloads/Trabajo_VHDL/Secret_PSW_DEF_Base/Secret_PSW_DEF_Base/Secret_PSW_DEF_Base.sim/sim_1/behav/xsim'
"xelab -wto 095eb5efe2c34a95889ea57d33373f2d --incr --debug typical --relax --mt 2 -L xil_defaultlib -L secureip --snapshot TOP_tb_behav xil_defaultlib.TOP_tb -log elaborate.log"
Vivado Simulator 2020.1
Copyright 1986-1999, 2001-2020 Xilinx, Inc. All Rights Reserved.
Running: D:/Vivado/2020.1/bin/unwrapped/win64.o/xelab.exe -wto 095eb5efe2c34a95889ea57d33373f2d --incr --debug typical --relax --mt 2 -L xil_defaultlib -L secureip --snapshot TOP_tb_behav xil_defaultlib.TOP_tb -log elaborate.log 
Using 2 slave threads.
Starting static elaboration
Completed static elaboration
Starting simulation data flow analysis
Completed simulation data flow analysis
Time Resolution for simulation is 1ps
Compiling package std.standard
Compiling package std.textio
Compiling package ieee.std_logic_1164
Compiling package ieee.numeric_std
Compiling package ieee.std_logic_arith
Compiling package ieee.std_logic_unsigned
Compiling architecture behavioral of entity xil_defaultlib.CLK_CONTROL [clk_control_default]
Compiling architecture behavioral of entity xil_defaultlib.SINCRONIZADOR [sincronizador_default]
Compiling architecture behavioral of entity xil_defaultlib.Switches [switches_default]
Compiling architecture behavioral of entity xil_defaultlib.FSM [fsm_default]
Compiling architecture behavioral of entity xil_defaultlib.Display [display_default]
Compiling architecture behavioral of entity xil_defaultlib.TOP [top_default]
Compiling architecture test of entity xil_defaultlib.top_tb
Built simulation snapshot TOP_tb_behav
INFO: [USF-XSim-69] 'elaborate' step finished in '3' seconds
INFO: [USF-XSim-4] XSim::Simulate design
INFO: [USF-XSim-61] Executing 'SIMULATE' step in 'C:/Users/Joaquín/Downloads/Trabajo_VHDL/Secret_PSW_DEF_Base/Secret_PSW_DEF_Base/Secret_PSW_DEF_Base.sim/sim_1/behav/xsim'
INFO: [USF-XSim-98] *** Running xsim
   with args "TOP_tb_behav -key {Behavioral:sim_1:Functional:TOP_tb} -tclbatch {TOP_tb.tcl} -log {simulate.log}"
INFO: [USF-XSim-8] Loading simulator feature
Vivado Simulator 2020.1
Time resolution is 1 ps
source TOP_tb.tcl
# set curr_wave [current_wave_config]
# if { [string length $curr_wave] == 0 } {
#   if { [llength [get_objects]] > 0} {
#     add_wave /
#     set_property needs_save false [current_wave_config]
#   } else {
#      send_msg_id Add_Wave-1 WARNING "No top level signals found. Simulator will start without a wave window. If you want to open a wave window go to 'File->New Waveform Configuration' or type 'create_wave_config' in the TCL console."
#   }
# }
# run 1000ns
INFO: [USF-XSim-96] XSim completed. Design snapshot 'TOP_tb_behav' loaded.
INFO: [USF-XSim-97] XSim simulation ran for 1000ns
launch_simulation: Time (s): cpu = 00:00:08 ; elapsed = 00:00:12 . Memory (MB): peak = 1015.195 ; gain = 0.000
run 50 s
Failure: [SUCCESS]: simulation finished.
Time: 50 s  Iteration: 0  Process: /TOP_tb/line__104  File: C:/Users/Joaquín/Downloads/Trabajo_VHDL/Secret_PSW_DEF_Base/Secret_PSW_DEF_Base/Secret_PSW_DEF_Base.srcs/sim_1/new/TOP_TESTBENCH.vhd
$finish called at time : 50 s : File "C:/Users/Joaquín/Downloads/Trabajo_VHDL/Secret_PSW_DEF_Base/Secret_PSW_DEF_Base/Secret_PSW_DEF_Base.srcs/sim_1/new/TOP_TESTBENCH.vhd" Line 109
set_property top SINCRONIZER_tb [get_filesets sim_1]
set_property top_lib xil_defaultlib [get_filesets sim_1]
update_compile_order -fileset sim_1
launch_simulation
Command: launch_simulation 
boost::filesystem::remove: El proceso no tiene acceso al archivo porque está siendo utilizado por otro proceso: "C:/Users/Joaquín/Downloads/Trabajo_VHDL/Secret_PSW_DEF_Base/Secret_PSW_DEF_Base/Secret_PSW_DEF_Base.sim/sim_1/behav/xsim/simulate.log"
launch_simulation
Command: launch_simulation 
boost::filesystem::remove: El proceso no tiene acceso al archivo porque está siendo utilizado por otro proceso: "C:/Users/Joaquín/Downloads/Trabajo_VHDL/Secret_PSW_DEF_Base/Secret_PSW_DEF_Base/Secret_PSW_DEF_Base.sim/sim_1/behav/xsim/simulate.log"
set_property top SINCRONIZADOR [current_fileset]
update_compile_order -fileset sources_1
launch_simulation
Command: launch_simulation 
boost::filesystem::remove: El proceso no tiene acceso al archivo porque está siendo utilizado por otro proceso: "C:/Users/Joaquín/Downloads/Trabajo_VHDL/Secret_PSW_DEF_Base/Secret_PSW_DEF_Base/Secret_PSW_DEF_Base.sim/sim_1/behav/xsim/simulate.log"
launch_simulation
Command: launch_simulation 
boost::filesystem::remove: El proceso no tiene acceso al archivo porque está siendo utilizado por otro proceso: "C:/Users/Joaquín/Downloads/Trabajo_VHDL/Secret_PSW_DEF_Base/Secret_PSW_DEF_Base/Secret_PSW_DEF_Base.sim/sim_1/behav/xsim/simulate.log"
launch_simulation
Command: launch_simulation 
boost::filesystem::remove: El proceso no tiene acceso al archivo porque está siendo utilizado por otro proceso: "C:/Users/Joaquín/Downloads/Trabajo_VHDL/Secret_PSW_DEF_Base/Secret_PSW_DEF_Base/Secret_PSW_DEF_Base.sim/sim_1/behav/xsim/simulate.log"
close_sim
INFO: [Simtcl 6-16] Simulation closed
exit
INFO: [Common 17-206] Exiting Vivado at Sat Feb  6 13:38:32 2021...
