#-----------------------------------------------------------
# Vivado v2020.1 (64-bit)
# SW Build 2902540 on Wed May 27 19:54:49 MDT 2020
# IP Build 2902112 on Wed May 27 22:43:36 MDT 2020
# Start of session at: Sat Feb  6 14:21:28 2021
# Process ID: 3456
# Current directory: C:/Users/Joaquín/Downloads/Trabajo_VHDL/Secret_PSW_DEF_Base/Secret_PSW_DEF_Base
# Command line: vivado.exe -gui_launcher_event rodinguilauncherevent9484 C:\Users\Joaquín\Downloads\Trabajo_VHDL\Secret_PSW_DEF_Base\Secret_PSW_DEF_Base\Secret_PSW_DEF_Base.xpr
# Log file: C:/Users/Joaquín/Downloads/Trabajo_VHDL/Secret_PSW_DEF_Base/Secret_PSW_DEF_Base/vivado.log
# Journal file: C:/Users/Joaquín/Downloads/Trabajo_VHDL/Secret_PSW_DEF_Base/Secret_PSW_DEF_Base\vivado.jou
#-----------------------------------------------------------
start_gui
open_project C:/Users/Joaquín/Downloads/Trabajo_VHDL/Secret_PSW_DEF_Base/Secret_PSW_DEF_Base/Secret_PSW_DEF_Base.xpr
Scanning sources...
Finished scanning sources
INFO: [IP_Flow 19-234] Refreshing IP repositories
INFO: [IP_Flow 19-1704] No user IP repositories specified
INFO: [IP_Flow 19-2313] Loaded Vivado IP repository 'D:/Vivado/2020.1/data/ip'.
open_project: Time (s): cpu = 00:00:19 ; elapsed = 00:00:08 . Memory (MB): peak = 1025.289 ; gain = 0.000
update_compile_order -fileset sources_1
launch_simulation
Command: launch_simulation 
INFO: [Vivado 12-5682] Launching behavioral simulation in 'C:/Users/Joaquín/Downloads/Trabajo_VHDL/Secret_PSW_DEF_Base/Secret_PSW_DEF_Base/Secret_PSW_DEF_Base.sim/sim_1/behav/xsim'
INFO: [SIM-utils-51] Simulation object is 'sim_1'
INFO: [SIM-utils-54] Inspecting design source files for 'Switches' in fileset 'sim_1'...
INFO: [USF-XSim-97] Finding global include files...
INFO: [USF-XSim-98] Fetching design files from 'sim_1'...
INFO: [USF-XSim-2] XSim::Compile design
INFO: [USF-XSim-61] Executing 'COMPILE and ANALYZE' step in 'C:/Users/Joaquín/Downloads/Trabajo_VHDL/Secret_PSW_DEF_Base/Secret_PSW_DEF_Base/Secret_PSW_DEF_Base.sim/sim_1/behav/xsim'
"xvhdl --incr --relax -prj Switches_vhdl.prj"
INFO: [USF-XSim-69] 'compile' step finished in '4' seconds
INFO: [USF-XSim-3] XSim::Elaborate design
INFO: [USF-XSim-61] Executing 'ELABORATE' step in 'C:/Users/Joaquín/Downloads/Trabajo_VHDL/Secret_PSW_DEF_Base/Secret_PSW_DEF_Base/Secret_PSW_DEF_Base.sim/sim_1/behav/xsim'
"xelab -wto 095eb5efe2c34a95889ea57d33373f2d --incr --debug typical --relax --mt 2 -L xil_defaultlib -L secureip --snapshot Switches_behav xil_defaultlib.Switches -log elaborate.log"
Vivado Simulator 2020.1
Copyright 1986-1999, 2001-2020 Xilinx, Inc. All Rights Reserved.
Running: D:/Vivado/2020.1/bin/unwrapped/win64.o/xelab.exe -wto 095eb5efe2c34a95889ea57d33373f2d --incr --debug typical --relax --mt 2 -L xil_defaultlib -L secureip --snapshot Switches_behav xil_defaultlib.Switches -log elaborate.log 
Using 2 slave threads.
Starting static elaboration
Completed static elaboration
Starting simulation data flow analysis
Completed simulation data flow analysis
Time Resolution for simulation is 1ps
Compiling package std.standard
Compiling package std.textio
Compiling package ieee.std_logic_1164
Compiling package ieee.numeric_std
Compiling package ieee.std_logic_arith
Compiling package ieee.std_logic_unsigned
Compiling architecture behavioral of entity xil_defaultlib.switches
Built simulation snapshot Switches_behav

****** Webtalk v2020.1 (64-bit)
  **** SW Build 2902540 on Wed May 27 19:54:49 MDT 2020
  **** IP Build 2902112 on Wed May 27 22:43:36 MDT 2020
    ** Copyright 1986-2020 Xilinx, Inc. All Rights Reserved.

source C:/Users/Joaquín/Downloads/Trabajo_VHDL/Secret_PSW_DEF_Base/Secret_PSW_DEF_Base/Secret_PSW_DEF_Base.sim/sim_1/behav/xsim/xsim.dir/Switches_behav/webtalk/xsim_webtalk.tcl -notrace
INFO: [Common 17-186] 'C:/Users/Joaquín/Downloads/Trabajo_VHDL/Secret_PSW_DEF_Base/Secret_PSW_DEF_Base/Secret_PSW_DEF_Base.sim/sim_1/behav/xsim/xsim.dir/Switches_behav/webtalk/usage_statistics_ext_xsim.xml' has been successfully sent to Xilinx on Sat Feb  6 15:42:53 2021. For additional details about this file, please refer to the WebTalk help file at D:/Vivado/2020.1/doc/webtalk_introduction.html.
INFO: [Common 17-206] Exiting Webtalk at Sat Feb  6 15:42:53 2021...
run_program: Time (s): cpu = 00:00:02 ; elapsed = 00:00:10 . Memory (MB): peak = 1025.289 ; gain = 0.000
INFO: [USF-XSim-69] 'elaborate' step finished in '10' seconds
INFO: [USF-XSim-4] XSim::Simulate design
INFO: [USF-XSim-61] Executing 'SIMULATE' step in 'C:/Users/Joaquín/Downloads/Trabajo_VHDL/Secret_PSW_DEF_Base/Secret_PSW_DEF_Base/Secret_PSW_DEF_Base.sim/sim_1/behav/xsim'
INFO: [USF-XSim-98] *** Running xsim
   with args "Switches_behav -key {Behavioral:sim_1:Functional:Switches} -tclbatch {Switches.tcl} -log {simulate.log}"
INFO: [USF-XSim-8] Loading simulator feature
Vivado Simulator 2020.1
Time resolution is 1 ps
source Switches.tcl
# set curr_wave [current_wave_config]
# if { [string length $curr_wave] == 0 } {
#   if { [llength [get_objects]] > 0} {
#     add_wave /
#     set_property needs_save false [current_wave_config]
#   } else {
#      send_msg_id Add_Wave-1 WARNING "No top level signals found. Simulator will start without a wave window. If you want to open a wave window go to 'File->New Waveform Configuration' or type 'create_wave_config' in the TCL console."
#   }
# }
# run 1000ns
INFO: [USF-XSim-96] XSim completed. Design snapshot 'Switches_behav' loaded.
INFO: [USF-XSim-97] XSim simulation ran for 1000ns
launch_simulation: Time (s): cpu = 00:00:15 ; elapsed = 00:00:23 . Memory (MB): peak = 1025.289 ; gain = 0.000
export_ip_user_files -of_objects  [get_files C:/Users/Joaquín/Downloads/Trabajo_VHDL/Secret_PSW_DEF_Base/Secret_PSW_DEF_Base/Secret_PSW_DEF_Base.srcs/sources_1/new/SWITCHES_tb.vhd] -no_script -reset -force -quiet
remove_files  C:/Users/Joaquín/Downloads/Trabajo_VHDL/Secret_PSW_DEF_Base/Secret_PSW_DEF_Base/Secret_PSW_DEF_Base.srcs/sources_1/new/SWITCHES_tb.vhd
set_property SOURCE_SET sources_1 [get_filesets sim_1]
close [ open C:/Users/Joaquín/Downloads/Trabajo_VHDL/Secret_PSW_DEF_Base/Secret_PSW_DEF_Base/Secret_PSW_DEF_Base.srcs/sim_1/new/SWITCHES_tb.vhd w ]
add_files -fileset sim_1 C:/Users/Joaquín/Downloads/Trabajo_VHDL/Secret_PSW_DEF_Base/Secret_PSW_DEF_Base/Secret_PSW_DEF_Base.srcs/sim_1/new/SWITCHES_tb.vhd
update_compile_order -fileset sim_1
set_property top SWITCHES_tb [get_filesets sim_1]
set_property top_lib xil_defaultlib [get_filesets sim_1]
update_compile_order -fileset sim_1
launch_simulation
Command: launch_simulation 
boost::filesystem::remove: El proceso no tiene acceso al archivo porque está siendo utilizado por otro proceso: "C:/Users/Joaquín/Downloads/Trabajo_VHDL/Secret_PSW_DEF_Base/Secret_PSW_DEF_Base/Secret_PSW_DEF_Base.sim/sim_1/behav/xsim/simulate.log"
close_sim
INFO: [Simtcl 6-16] Simulation closed
close_sim: Time (s): cpu = 00:00:02 ; elapsed = 00:00:09 . Memory (MB): peak = 1025.289 ; gain = 0.000
exit
INFO: [Common 17-206] Exiting Vivado at Sat Feb  6 15:46:57 2021...
