#-----------------------------------------------------------
# Vivado v2020.1 (64-bit)
# SW Build 2902540 on Wed May 27 19:54:49 MDT 2020
# IP Build 2902112 on Wed May 27 22:43:36 MDT 2020
# Start of session at: Sat Feb  6 18:45:10 2021
# Process ID: 596
# Current directory: C:/Users/Joaquín/Downloads/Trabajo_VHDL/Secret_PSW_DEF_Base/Secret_PSW_DEF_Base
# Command line: vivado.exe -gui_launcher_event rodinguilauncherevent12576 C:\Users\Joaquín\Downloads\Trabajo_VHDL\Secret_PSW_DEF_Base\Secret_PSW_DEF_Base\Secret_PSW_DEF_Base.xpr
# Log file: C:/Users/Joaquín/Downloads/Trabajo_VHDL/Secret_PSW_DEF_Base/Secret_PSW_DEF_Base/vivado.log
# Journal file: C:/Users/Joaquín/Downloads/Trabajo_VHDL/Secret_PSW_DEF_Base/Secret_PSW_DEF_Base\vivado.jou
#-----------------------------------------------------------
start_gui
open_project C:/Users/Joaquín/Downloads/Trabajo_VHDL/Secret_PSW_DEF_Base/Secret_PSW_DEF_Base/Secret_PSW_DEF_Base.xpr
Scanning sources...
Finished scanning sources
INFO: [IP_Flow 19-234] Refreshing IP repositories
INFO: [IP_Flow 19-1704] No user IP repositories specified
INFO: [IP_Flow 19-2313] Loaded Vivado IP repository 'D:/Vivado/2020.1/data/ip'.
open_project: Time (s): cpu = 00:00:24 ; elapsed = 00:00:16 . Memory (MB): peak = 1015.688 ; gain = 0.000
update_compile_order -fileset sources_1
exit
INFO: [Common 17-206] Exiting Vivado at Sat Feb  6 20:41:29 2021...
