Copyright 1986-2020 Xilinx, Inc. All Rights Reserved.
-----------------------------------------------------------------------------------------------------------------------------------------------
| Tool Version : Vivado v.2020.1 (win64) Build 2902540 Wed May 27 19:54:49 MDT 2020
| Date         : Thu Feb  4 12:52:01 2021
| Host         : MiPc running 64-bit major release  (build 9200)
| Command      : report_methodology -file TOP_methodology_drc_routed.rpt -pb TOP_methodology_drc_routed.pb -rpx TOP_methodology_drc_routed.rpx
| Design       : TOP
| Device       : xc7a100tcsg324-1
| Speed File   : -1
| Design State : Fully Routed
-----------------------------------------------------------------------------------------------------------------------------------------------

Report Methodology

Table of Contents
-----------------
1. REPORT SUMMARY
2. REPORT DETAILS

1. REPORT SUMMARY
-----------------
            Netlist: netlist
          Floorplan: design_1
      Design limits: <entire design considered>
             Max violations: <unlimited>
             Violations found: 186
+-----------+------------------+-----------------------------+------------+
| Rule      | Severity         | Description                 | Violations |
+-----------+------------------+-----------------------------+------------+
| TIMING-17 | Critical Warning | Non-clocked sequential cell | 89         |
| TIMING-20 | Warning          | Non-clocked latch           | 97         |
+-----------+------------------+-----------------------------+------------+

2. REPORT DETAILS
-----------------
TIMING-17#1 Critical Warning
Non-clocked sequential cell  
The clock pin Inst_CLK/contador_reg[0]/C is not reached by a timing clock
Related violations: <none>

TIMING-17#2 Critical Warning
Non-clocked sequential cell  
The clock pin Inst_CLK/contador_reg[10]/C is not reached by a timing clock
Related violations: <none>

TIMING-17#3 Critical Warning
Non-clocked sequential cell  
The clock pin Inst_CLK/contador_reg[11]/C is not reached by a timing clock
Related violations: <none>

TIMING-17#4 Critical Warning
Non-clocked sequential cell  
The clock pin Inst_CLK/contador_reg[12]/C is not reached by a timing clock
Related violations: <none>

TIMING-17#5 Critical Warning
Non-clocked sequential cell  
The clock pin Inst_CLK/contador_reg[13]/C is not reached by a timing clock
Related violations: <none>

TIMING-17#6 Critical Warning
Non-clocked sequential cell  
The clock pin Inst_CLK/contador_reg[14]/C is not reached by a timing clock
Related violations: <none>

TIMING-17#7 Critical Warning
Non-clocked sequential cell  
The clock pin Inst_CLK/contador_reg[15]/C is not reached by a timing clock
Related violations: <none>

TIMING-17#8 Critical Warning
Non-clocked sequential cell  
The clock pin Inst_CLK/contador_reg[16]/C is not reached by a timing clock
Related violations: <none>

TIMING-17#9 Critical Warning
Non-clocked sequential cell  
The clock pin Inst_CLK/contador_reg[17]/C is not reached by a timing clock
Related violations: <none>

TIMING-17#10 Critical Warning
Non-clocked sequential cell  
The clock pin Inst_CLK/contador_reg[18]/C is not reached by a timing clock
Related violations: <none>

TIMING-17#11 Critical Warning
Non-clocked sequential cell  
The clock pin Inst_CLK/contador_reg[1]/C is not reached by a timing clock
Related violations: <none>

TIMING-17#12 Critical Warning
Non-clocked sequential cell  
The clock pin Inst_CLK/contador_reg[2]/C is not reached by a timing clock
Related violations: <none>

TIMING-17#13 Critical Warning
Non-clocked sequential cell  
The clock pin Inst_CLK/contador_reg[3]/C is not reached by a timing clock
Related violations: <none>

TIMING-17#14 Critical Warning
Non-clocked sequential cell  
The clock pin Inst_CLK/contador_reg[4]/C is not reached by a timing clock
Related violations: <none>

TIMING-17#15 Critical Warning
Non-clocked sequential cell  
The clock pin Inst_CLK/contador_reg[5]/C is not reached by a timing clock
Related violations: <none>

TIMING-17#16 Critical Warning
Non-clocked sequential cell  
The clock pin Inst_CLK/contador_reg[6]/C is not reached by a timing clock
Related violations: <none>

TIMING-17#17 Critical Warning
Non-clocked sequential cell  
The clock pin Inst_CLK/contador_reg[7]/C is not reached by a timing clock
Related violations: <none>

TIMING-17#18 Critical Warning
Non-clocked sequential cell  
The clock pin Inst_CLK/contador_reg[8]/C is not reached by a timing clock
Related violations: <none>

TIMING-17#19 Critical Warning
Non-clocked sequential cell  
The clock pin Inst_CLK/contador_reg[9]/C is not reached by a timing clock
Related violations: <none>

TIMING-17#20 Critical Warning
Non-clocked sequential cell  
The clock pin Inst_CLK/reloj_interno_reg/C is not reached by a timing clock
Related violations: <none>

TIMING-17#21 Critical Warning
Non-clocked sequential cell  
The clock pin Inst_Display/ANODE_reg[0]/C is not reached by a timing clock
Related violations: <none>

TIMING-17#22 Critical Warning
Non-clocked sequential cell  
The clock pin Inst_Display/ANODE_reg[1]/C is not reached by a timing clock
Related violations: <none>

TIMING-17#23 Critical Warning
Non-clocked sequential cell  
The clock pin Inst_Display/ANODE_reg[2]/C is not reached by a timing clock
Related violations: <none>

TIMING-17#24 Critical Warning
Non-clocked sequential cell  
The clock pin Inst_Display/ANODE_reg[3]/C is not reached by a timing clock
Related violations: <none>

TIMING-17#25 Critical Warning
Non-clocked sequential cell  
The clock pin Inst_Display/selected_display_reg[0]/C is not reached by a timing clock
Related violations: <none>

TIMING-17#26 Critical Warning
Non-clocked sequential cell  
The clock pin Inst_Display/selected_display_reg[1]/C is not reached by a timing clock
Related violations: <none>

TIMING-17#27 Critical Warning
Non-clocked sequential cell  
The clock pin Inst_FSM/FSM_sequential_current_state_reg[0]/C is not reached by a timing clock
Related violations: <none>

TIMING-17#28 Critical Warning
Non-clocked sequential cell  
The clock pin Inst_FSM/FSM_sequential_current_state_reg[1]/C is not reached by a timing clock
Related violations: <none>

TIMING-17#29 Critical Warning
Non-clocked sequential cell  
The clock pin Inst_FSM/FSM_sequential_current_state_reg[2]/C is not reached by a timing clock
Related violations: <none>

TIMING-17#30 Critical Warning
Non-clocked sequential cell  
The clock pin Inst_FSM/FSM_sequential_current_state_reg[3]/C is not reached by a timing clock
Related violations: <none>

TIMING-17#31 Critical Warning
Non-clocked sequential cell  
The clock pin Inst_OK/REGISTRO_reg[0]/C is not reached by a timing clock
Related violations: <none>

TIMING-17#32 Critical Warning
Non-clocked sequential cell  
The clock pin Inst_OK/REGISTRO_reg[1]/C is not reached by a timing clock
Related violations: <none>

TIMING-17#33 Critical Warning
Non-clocked sequential cell  
The clock pin Inst_OK/REGISTRO_reg[2]/C is not reached by a timing clock
Related violations: <none>

TIMING-17#34 Critical Warning
Non-clocked sequential cell  
The clock pin Inst_OK/SALIDA_reg/C is not reached by a timing clock
Related violations: <none>

TIMING-17#35 Critical Warning
Non-clocked sequential cell  
The clock pin Inst_RESET/REGISTRO_reg[0]/C is not reached by a timing clock
Related violations: <none>

TIMING-17#36 Critical Warning
Non-clocked sequential cell  
The clock pin Inst_RESET/REGISTRO_reg[1]/C is not reached by a timing clock
Related violations: <none>

TIMING-17#37 Critical Warning
Non-clocked sequential cell  
The clock pin Inst_RESET/REGISTRO_reg[2]/C is not reached by a timing clock
Related violations: <none>

TIMING-17#38 Critical Warning
Non-clocked sequential cell  
The clock pin Inst_RESET/SALIDA_reg/C is not reached by a timing clock
Related violations: <none>

TIMING-17#39 Critical Warning
Non-clocked sequential cell  
The clock pin Inst_RESET_parcial/REGISTRO_reg[0]/C is not reached by a timing clock
Related violations: <none>

TIMING-17#40 Critical Warning
Non-clocked sequential cell  
The clock pin Inst_RESET_parcial/REGISTRO_reg[1]/C is not reached by a timing clock
Related violations: <none>

TIMING-17#41 Critical Warning
Non-clocked sequential cell  
The clock pin Inst_RESET_parcial/REGISTRO_reg[2]/C is not reached by a timing clock
Related violations: <none>

TIMING-17#42 Critical Warning
Non-clocked sequential cell  
The clock pin Inst_RESET_parcial/SALIDA_reg/C is not reached by a timing clock
Related violations: <none>

TIMING-17#43 Critical Warning
Non-clocked sequential cell  
The clock pin Inst_SW0/REGISTRO_reg[0]/C is not reached by a timing clock
Related violations: <none>

TIMING-17#44 Critical Warning
Non-clocked sequential cell  
The clock pin Inst_SW0/REGISTRO_reg[1]/C is not reached by a timing clock
Related violations: <none>

TIMING-17#45 Critical Warning
Non-clocked sequential cell  
The clock pin Inst_SW0/REGISTRO_reg[2]/C is not reached by a timing clock
Related violations: <none>

TIMING-17#46 Critical Warning
Non-clocked sequential cell  
The clock pin Inst_SW0/SALIDA_reg/C is not reached by a timing clock
Related violations: <none>

TIMING-17#47 Critical Warning
Non-clocked sequential cell  
The clock pin Inst_SW1/REGISTRO_reg[0]/C is not reached by a timing clock
Related violations: <none>

TIMING-17#48 Critical Warning
Non-clocked sequential cell  
The clock pin Inst_SW1/REGISTRO_reg[1]/C is not reached by a timing clock
Related violations: <none>

TIMING-17#49 Critical Warning
Non-clocked sequential cell  
The clock pin Inst_SW1/REGISTRO_reg[2]/C is not reached by a timing clock
Related violations: <none>

TIMING-17#50 Critical Warning
Non-clocked sequential cell  
The clock pin Inst_SW1/SALIDA_reg/C is not reached by a timing clock
Related violations: <none>

TIMING-17#51 Critical Warning
Non-clocked sequential cell  
The clock pin Inst_SW2/REGISTRO_reg[0]/C is not reached by a timing clock
Related violations: <none>

TIMING-17#52 Critical Warning
Non-clocked sequential cell  
The clock pin Inst_SW2/REGISTRO_reg[1]/C is not reached by a timing clock
Related violations: <none>

TIMING-17#53 Critical Warning
Non-clocked sequential cell  
The clock pin Inst_SW2/REGISTRO_reg[2]/C is not reached by a timing clock
Related violations: <none>

TIMING-17#54 Critical Warning
Non-clocked sequential cell  
The clock pin Inst_SW2/SALIDA_reg/C is not reached by a timing clock
Related violations: <none>

TIMING-17#55 Critical Warning
Non-clocked sequential cell  
The clock pin Inst_SW3/REGISTRO_reg[0]/C is not reached by a timing clock
Related violations: <none>

TIMING-17#56 Critical Warning
Non-clocked sequential cell  
The clock pin Inst_SW3/REGISTRO_reg[1]/C is not reached by a timing clock
Related violations: <none>

TIMING-17#57 Critical Warning
Non-clocked sequential cell  
The clock pin Inst_SW3/REGISTRO_reg[2]/C is not reached by a timing clock
Related violations: <none>

TIMING-17#58 Critical Warning
Non-clocked sequential cell  
The clock pin Inst_SW3/SALIDA_reg/C is not reached by a timing clock
Related violations: <none>

TIMING-17#59 Critical Warning
Non-clocked sequential cell  
The clock pin Inst_SW4/REGISTRO_reg[0]/C is not reached by a timing clock
Related violations: <none>

TIMING-17#60 Critical Warning
Non-clocked sequential cell  
The clock pin Inst_SW4/REGISTRO_reg[1]/C is not reached by a timing clock
Related violations: <none>

TIMING-17#61 Critical Warning
Non-clocked sequential cell  
The clock pin Inst_SW4/REGISTRO_reg[2]/C is not reached by a timing clock
Related violations: <none>

TIMING-17#62 Critical Warning
Non-clocked sequential cell  
The clock pin Inst_SW4/SALIDA_reg/C is not reached by a timing clock
Related violations: <none>

TIMING-17#63 Critical Warning
Non-clocked sequential cell  
The clock pin Inst_SW5/REGISTRO_reg[0]/C is not reached by a timing clock
Related violations: <none>

TIMING-17#64 Critical Warning
Non-clocked sequential cell  
The clock pin Inst_SW5/REGISTRO_reg[1]/C is not reached by a timing clock
Related violations: <none>

TIMING-17#65 Critical Warning
Non-clocked sequential cell  
The clock pin Inst_SW5/REGISTRO_reg[2]/C is not reached by a timing clock
Related violations: <none>

TIMING-17#66 Critical Warning
Non-clocked sequential cell  
The clock pin Inst_SW5/SALIDA_reg/C is not reached by a timing clock
Related violations: <none>

TIMING-17#67 Critical Warning
Non-clocked sequential cell  
The clock pin Inst_SW6/REGISTRO_reg[0]/C is not reached by a timing clock
Related violations: <none>

TIMING-17#68 Critical Warning
Non-clocked sequential cell  
The clock pin Inst_SW6/REGISTRO_reg[1]/C is not reached by a timing clock
Related violations: <none>

TIMING-17#69 Critical Warning
Non-clocked sequential cell  
The clock pin Inst_SW6/REGISTRO_reg[2]/C is not reached by a timing clock
Related violations: <none>

TIMING-17#70 Critical Warning
Non-clocked sequential cell  
The clock pin Inst_SW6/SALIDA_reg/C is not reached by a timing clock
Related violations: <none>

TIMING-17#71 Critical Warning
Non-clocked sequential cell  
The clock pin Inst_SW7/REGISTRO_reg[0]/C is not reached by a timing clock
Related violations: <none>

TIMING-17#72 Critical Warning
Non-clocked sequential cell  
The clock pin Inst_SW7/REGISTRO_reg[1]/C is not reached by a timing clock
Related violations: <none>

TIMING-17#73 Critical Warning
Non-clocked sequential cell  
The clock pin Inst_SW7/REGISTRO_reg[2]/C is not reached by a timing clock
Related violations: <none>

TIMING-17#74 Critical Warning
Non-clocked sequential cell  
The clock pin Inst_SW7/SALIDA_reg/C is not reached by a timing clock
Related violations: <none>

TIMING-17#75 Critical Warning
Non-clocked sequential cell  
The clock pin Inst_SW8/REGISTRO_reg[0]/C is not reached by a timing clock
Related violations: <none>

TIMING-17#76 Critical Warning
Non-clocked sequential cell  
The clock pin Inst_SW8/REGISTRO_reg[1]/C is not reached by a timing clock
Related violations: <none>

TIMING-17#77 Critical Warning
Non-clocked sequential cell  
The clock pin Inst_SW8/REGISTRO_reg[2]/C is not reached by a timing clock
Related violations: <none>

TIMING-17#78 Critical Warning
Non-clocked sequential cell  
The clock pin Inst_SW8/SALIDA_reg/C is not reached by a timing clock
Related violations: <none>

TIMING-17#79 Critical Warning
Non-clocked sequential cell  
The clock pin Inst_SW9/REGISTRO_reg[0]/C is not reached by a timing clock
Related violations: <none>

TIMING-17#80 Critical Warning
Non-clocked sequential cell  
The clock pin Inst_SW9/REGISTRO_reg[1]/C is not reached by a timing clock
Related violations: <none>

TIMING-17#81 Critical Warning
Non-clocked sequential cell  
The clock pin Inst_SW9/REGISTRO_reg[2]/C is not reached by a timing clock
Related violations: <none>

TIMING-17#82 Critical Warning
Non-clocked sequential cell  
The clock pin Inst_SW9/SALIDA_reg/C is not reached by a timing clock
Related violations: <none>

TIMING-17#83 Critical Warning
Non-clocked sequential cell  
The clock pin Inst_Switches/NUMERO_reg[0]/C is not reached by a timing clock
Related violations: <none>

TIMING-17#84 Critical Warning
Non-clocked sequential cell  
The clock pin Inst_Switches/NUMERO_reg[1]/C is not reached by a timing clock
Related violations: <none>

TIMING-17#85 Critical Warning
Non-clocked sequential cell  
The clock pin Inst_Switches/NUMERO_reg[2]/C is not reached by a timing clock
Related violations: <none>

TIMING-17#86 Critical Warning
Non-clocked sequential cell  
The clock pin Inst_Switches/NUMERO_reg[3]/C is not reached by a timing clock
Related violations: <none>

TIMING-17#87 Critical Warning
Non-clocked sequential cell  
The clock pin Inst_Switches/NUMERO_reg[4]/C is not reached by a timing clock
Related violations: <none>

TIMING-17#88 Critical Warning
Non-clocked sequential cell  
The clock pin Inst_Switches/NUMERO_reg[5]/C is not reached by a timing clock
Related violations: <none>

TIMING-17#89 Critical Warning
Non-clocked sequential cell  
The clock pin Inst_Switches/NUMERO_reg[6]/C is not reached by a timing clock
Related violations: <none>

TIMING-20#1 Warning
Non-clocked latch  
The latch Inst_FSM/VAL_DISPLAY_1_reg[0] cannot be properly analyzed as its control pin Inst_FSM/VAL_DISPLAY_1_reg[0]/G is not reached by a timing clock
Related violations: <none>

TIMING-20#2 Warning
Non-clocked latch  
The latch Inst_FSM/VAL_DISPLAY_1_reg[1] cannot be properly analyzed as its control pin Inst_FSM/VAL_DISPLAY_1_reg[1]/G is not reached by a timing clock
Related violations: <none>

TIMING-20#3 Warning
Non-clocked latch  
The latch Inst_FSM/VAL_DISPLAY_1_reg[2] cannot be properly analyzed as its control pin Inst_FSM/VAL_DISPLAY_1_reg[2]/G is not reached by a timing clock
Related violations: <none>

TIMING-20#4 Warning
Non-clocked latch  
The latch Inst_FSM/VAL_DISPLAY_1_reg[3] cannot be properly analyzed as its control pin Inst_FSM/VAL_DISPLAY_1_reg[3]/G is not reached by a timing clock
Related violations: <none>

TIMING-20#5 Warning
Non-clocked latch  
The latch Inst_FSM/VAL_DISPLAY_1_reg[4] cannot be properly analyzed as its control pin Inst_FSM/VAL_DISPLAY_1_reg[4]/G is not reached by a timing clock
Related violations: <none>

TIMING-20#6 Warning
Non-clocked latch  
The latch Inst_FSM/VAL_DISPLAY_1_reg[5] cannot be properly analyzed as its control pin Inst_FSM/VAL_DISPLAY_1_reg[5]/G is not reached by a timing clock
Related violations: <none>

TIMING-20#7 Warning
Non-clocked latch  
The latch Inst_FSM/VAL_DISPLAY_1_reg[6] cannot be properly analyzed as its control pin Inst_FSM/VAL_DISPLAY_1_reg[6]/G is not reached by a timing clock
Related violations: <none>

TIMING-20#8 Warning
Non-clocked latch  
The latch Inst_FSM/VAL_DISPLAY_2_reg[0] cannot be properly analyzed as its control pin Inst_FSM/VAL_DISPLAY_2_reg[0]/G is not reached by a timing clock
Related violations: <none>

TIMING-20#9 Warning
Non-clocked latch  
The latch Inst_FSM/VAL_DISPLAY_2_reg[1] cannot be properly analyzed as its control pin Inst_FSM/VAL_DISPLAY_2_reg[1]/G is not reached by a timing clock
Related violations: <none>

TIMING-20#10 Warning
Non-clocked latch  
The latch Inst_FSM/VAL_DISPLAY_2_reg[2] cannot be properly analyzed as its control pin Inst_FSM/VAL_DISPLAY_2_reg[2]/G is not reached by a timing clock
Related violations: <none>

TIMING-20#11 Warning
Non-clocked latch  
The latch Inst_FSM/VAL_DISPLAY_2_reg[3] cannot be properly analyzed as its control pin Inst_FSM/VAL_DISPLAY_2_reg[3]/G is not reached by a timing clock
Related violations: <none>

TIMING-20#12 Warning
Non-clocked latch  
The latch Inst_FSM/VAL_DISPLAY_2_reg[4] cannot be properly analyzed as its control pin Inst_FSM/VAL_DISPLAY_2_reg[4]/G is not reached by a timing clock
Related violations: <none>

TIMING-20#13 Warning
Non-clocked latch  
The latch Inst_FSM/VAL_DISPLAY_2_reg[5] cannot be properly analyzed as its control pin Inst_FSM/VAL_DISPLAY_2_reg[5]/G is not reached by a timing clock
Related violations: <none>

TIMING-20#14 Warning
Non-clocked latch  
The latch Inst_FSM/VAL_DISPLAY_2_reg[6] cannot be properly analyzed as its control pin Inst_FSM/VAL_DISPLAY_2_reg[6]/G is not reached by a timing clock
Related violations: <none>

TIMING-20#15 Warning
Non-clocked latch  
The latch Inst_FSM/VAL_DISPLAY_3_reg[0] cannot be properly analyzed as its control pin Inst_FSM/VAL_DISPLAY_3_reg[0]/G is not reached by a timing clock
Related violations: <none>

TIMING-20#16 Warning
Non-clocked latch  
The latch Inst_FSM/VAL_DISPLAY_3_reg[1] cannot be properly analyzed as its control pin Inst_FSM/VAL_DISPLAY_3_reg[1]/G is not reached by a timing clock
Related violations: <none>

TIMING-20#17 Warning
Non-clocked latch  
The latch Inst_FSM/VAL_DISPLAY_3_reg[2] cannot be properly analyzed as its control pin Inst_FSM/VAL_DISPLAY_3_reg[2]/G is not reached by a timing clock
Related violations: <none>

TIMING-20#18 Warning
Non-clocked latch  
The latch Inst_FSM/VAL_DISPLAY_3_reg[3] cannot be properly analyzed as its control pin Inst_FSM/VAL_DISPLAY_3_reg[3]/G is not reached by a timing clock
Related violations: <none>

TIMING-20#19 Warning
Non-clocked latch  
The latch Inst_FSM/VAL_DISPLAY_3_reg[4] cannot be properly analyzed as its control pin Inst_FSM/VAL_DISPLAY_3_reg[4]/G is not reached by a timing clock
Related violations: <none>

TIMING-20#20 Warning
Non-clocked latch  
The latch Inst_FSM/VAL_DISPLAY_3_reg[5] cannot be properly analyzed as its control pin Inst_FSM/VAL_DISPLAY_3_reg[5]/G is not reached by a timing clock
Related violations: <none>

TIMING-20#21 Warning
Non-clocked latch  
The latch Inst_FSM/VAL_DISPLAY_3_reg[6] cannot be properly analyzed as its control pin Inst_FSM/VAL_DISPLAY_3_reg[6]/G is not reached by a timing clock
Related violations: <none>

TIMING-20#22 Warning
Non-clocked latch  
The latch Inst_FSM/VAL_DISPLAY_4_reg[0] cannot be properly analyzed as its control pin Inst_FSM/VAL_DISPLAY_4_reg[0]/G is not reached by a timing clock
Related violations: <none>

TIMING-20#23 Warning
Non-clocked latch  
The latch Inst_FSM/VAL_DISPLAY_4_reg[1] cannot be properly analyzed as its control pin Inst_FSM/VAL_DISPLAY_4_reg[1]/G is not reached by a timing clock
Related violations: <none>

TIMING-20#24 Warning
Non-clocked latch  
The latch Inst_FSM/VAL_DISPLAY_4_reg[2] cannot be properly analyzed as its control pin Inst_FSM/VAL_DISPLAY_4_reg[2]/G is not reached by a timing clock
Related violations: <none>

TIMING-20#25 Warning
Non-clocked latch  
The latch Inst_FSM/VAL_DISPLAY_4_reg[3] cannot be properly analyzed as its control pin Inst_FSM/VAL_DISPLAY_4_reg[3]/G is not reached by a timing clock
Related violations: <none>

TIMING-20#26 Warning
Non-clocked latch  
The latch Inst_FSM/VAL_DISPLAY_4_reg[4] cannot be properly analyzed as its control pin Inst_FSM/VAL_DISPLAY_4_reg[4]/G is not reached by a timing clock
Related violations: <none>

TIMING-20#27 Warning
Non-clocked latch  
The latch Inst_FSM/VAL_DISPLAY_4_reg[5] cannot be properly analyzed as its control pin Inst_FSM/VAL_DISPLAY_4_reg[5]/G is not reached by a timing clock
Related violations: <none>

TIMING-20#28 Warning
Non-clocked latch  
The latch Inst_FSM/VAL_DISPLAY_4_reg[6] cannot be properly analyzed as its control pin Inst_FSM/VAL_DISPLAY_4_reg[6]/G is not reached by a timing clock
Related violations: <none>

TIMING-20#29 Warning
Non-clocked latch  
The latch Inst_FSM/ayuda_flanco_reg cannot be properly analyzed as its control pin Inst_FSM/ayuda_flanco_reg/G is not reached by a timing clock
Related violations: <none>

TIMING-20#30 Warning
Non-clocked latch  
The latch Inst_FSM/ayuda_numero_reg[0] cannot be properly analyzed as its control pin Inst_FSM/ayuda_numero_reg[0]/G is not reached by a timing clock
Related violations: <none>

TIMING-20#31 Warning
Non-clocked latch  
The latch Inst_FSM/ayuda_numero_reg[1] cannot be properly analyzed as its control pin Inst_FSM/ayuda_numero_reg[1]/G is not reached by a timing clock
Related violations: <none>

TIMING-20#32 Warning
Non-clocked latch  
The latch Inst_FSM/ayuda_numero_reg[2] cannot be properly analyzed as its control pin Inst_FSM/ayuda_numero_reg[2]/G is not reached by a timing clock
Related violations: <none>

TIMING-20#33 Warning
Non-clocked latch  
The latch Inst_FSM/ayuda_numero_reg[3] cannot be properly analyzed as its control pin Inst_FSM/ayuda_numero_reg[3]/G is not reached by a timing clock
Related violations: <none>

TIMING-20#34 Warning
Non-clocked latch  
The latch Inst_FSM/ayuda_numero_reg[4] cannot be properly analyzed as its control pin Inst_FSM/ayuda_numero_reg[4]/G is not reached by a timing clock
Related violations: <none>

TIMING-20#35 Warning
Non-clocked latch  
The latch Inst_FSM/ayuda_numero_reg[5] cannot be properly analyzed as its control pin Inst_FSM/ayuda_numero_reg[5]/G is not reached by a timing clock
Related violations: <none>

TIMING-20#36 Warning
Non-clocked latch  
The latch Inst_FSM/ayuda_numero_reg[6] cannot be properly analyzed as its control pin Inst_FSM/ayuda_numero_reg[6]/G is not reached by a timing clock
Related violations: <none>

TIMING-20#37 Warning
Non-clocked latch  
The latch Inst_FSM/contador_fallos_reg[0] cannot be properly analyzed as its control pin Inst_FSM/contador_fallos_reg[0]/G is not reached by a timing clock
Related violations: <none>

TIMING-20#38 Warning
Non-clocked latch  
The latch Inst_FSM/contador_fallos_reg[10] cannot be properly analyzed as its control pin Inst_FSM/contador_fallos_reg[10]/G is not reached by a timing clock
Related violations: <none>

TIMING-20#39 Warning
Non-clocked latch  
The latch Inst_FSM/contador_fallos_reg[11] cannot be properly analyzed as its control pin Inst_FSM/contador_fallos_reg[11]/G is not reached by a timing clock
Related violations: <none>

TIMING-20#40 Warning
Non-clocked latch  
The latch Inst_FSM/contador_fallos_reg[12] cannot be properly analyzed as its control pin Inst_FSM/contador_fallos_reg[12]/G is not reached by a timing clock
Related violations: <none>

TIMING-20#41 Warning
Non-clocked latch  
The latch Inst_FSM/contador_fallos_reg[13] cannot be properly analyzed as its control pin Inst_FSM/contador_fallos_reg[13]/G is not reached by a timing clock
Related violations: <none>

TIMING-20#42 Warning
Non-clocked latch  
The latch Inst_FSM/contador_fallos_reg[14] cannot be properly analyzed as its control pin Inst_FSM/contador_fallos_reg[14]/G is not reached by a timing clock
Related violations: <none>

TIMING-20#43 Warning
Non-clocked latch  
The latch Inst_FSM/contador_fallos_reg[15] cannot be properly analyzed as its control pin Inst_FSM/contador_fallos_reg[15]/G is not reached by a timing clock
Related violations: <none>

TIMING-20#44 Warning
Non-clocked latch  
The latch Inst_FSM/contador_fallos_reg[16] cannot be properly analyzed as its control pin Inst_FSM/contador_fallos_reg[16]/G is not reached by a timing clock
Related violations: <none>

TIMING-20#45 Warning
Non-clocked latch  
The latch Inst_FSM/contador_fallos_reg[17] cannot be properly analyzed as its control pin Inst_FSM/contador_fallos_reg[17]/G is not reached by a timing clock
Related violations: <none>

TIMING-20#46 Warning
Non-clocked latch  
The latch Inst_FSM/contador_fallos_reg[18] cannot be properly analyzed as its control pin Inst_FSM/contador_fallos_reg[18]/G is not reached by a timing clock
Related violations: <none>

TIMING-20#47 Warning
Non-clocked latch  
The latch Inst_FSM/contador_fallos_reg[19] cannot be properly analyzed as its control pin Inst_FSM/contador_fallos_reg[19]/G is not reached by a timing clock
Related violations: <none>

TIMING-20#48 Warning
Non-clocked latch  
The latch Inst_FSM/contador_fallos_reg[1] cannot be properly analyzed as its control pin Inst_FSM/contador_fallos_reg[1]/G is not reached by a timing clock
Related violations: <none>

TIMING-20#49 Warning
Non-clocked latch  
The latch Inst_FSM/contador_fallos_reg[20] cannot be properly analyzed as its control pin Inst_FSM/contador_fallos_reg[20]/G is not reached by a timing clock
Related violations: <none>

TIMING-20#50 Warning
Non-clocked latch  
The latch Inst_FSM/contador_fallos_reg[21] cannot be properly analyzed as its control pin Inst_FSM/contador_fallos_reg[21]/G is not reached by a timing clock
Related violations: <none>

TIMING-20#51 Warning
Non-clocked latch  
The latch Inst_FSM/contador_fallos_reg[22] cannot be properly analyzed as its control pin Inst_FSM/contador_fallos_reg[22]/G is not reached by a timing clock
Related violations: <none>

TIMING-20#52 Warning
Non-clocked latch  
The latch Inst_FSM/contador_fallos_reg[23] cannot be properly analyzed as its control pin Inst_FSM/contador_fallos_reg[23]/G is not reached by a timing clock
Related violations: <none>

TIMING-20#53 Warning
Non-clocked latch  
The latch Inst_FSM/contador_fallos_reg[24] cannot be properly analyzed as its control pin Inst_FSM/contador_fallos_reg[24]/G is not reached by a timing clock
Related violations: <none>

TIMING-20#54 Warning
Non-clocked latch  
The latch Inst_FSM/contador_fallos_reg[25] cannot be properly analyzed as its control pin Inst_FSM/contador_fallos_reg[25]/G is not reached by a timing clock
Related violations: <none>

TIMING-20#55 Warning
Non-clocked latch  
The latch Inst_FSM/contador_fallos_reg[26] cannot be properly analyzed as its control pin Inst_FSM/contador_fallos_reg[26]/G is not reached by a timing clock
Related violations: <none>

TIMING-20#56 Warning
Non-clocked latch  
The latch Inst_FSM/contador_fallos_reg[27] cannot be properly analyzed as its control pin Inst_FSM/contador_fallos_reg[27]/G is not reached by a timing clock
Related violations: <none>

TIMING-20#57 Warning
Non-clocked latch  
The latch Inst_FSM/contador_fallos_reg[28] cannot be properly analyzed as its control pin Inst_FSM/contador_fallos_reg[28]/G is not reached by a timing clock
Related violations: <none>

TIMING-20#58 Warning
Non-clocked latch  
The latch Inst_FSM/contador_fallos_reg[29] cannot be properly analyzed as its control pin Inst_FSM/contador_fallos_reg[29]/G is not reached by a timing clock
Related violations: <none>

TIMING-20#59 Warning
Non-clocked latch  
The latch Inst_FSM/contador_fallos_reg[2] cannot be properly analyzed as its control pin Inst_FSM/contador_fallos_reg[2]/G is not reached by a timing clock
Related violations: <none>

TIMING-20#60 Warning
Non-clocked latch  
The latch Inst_FSM/contador_fallos_reg[30] cannot be properly analyzed as its control pin Inst_FSM/contador_fallos_reg[30]/G is not reached by a timing clock
Related violations: <none>

TIMING-20#61 Warning
Non-clocked latch  
The latch Inst_FSM/contador_fallos_reg[31] cannot be properly analyzed as its control pin Inst_FSM/contador_fallos_reg[31]/G is not reached by a timing clock
Related violations: <none>

TIMING-20#62 Warning
Non-clocked latch  
The latch Inst_FSM/contador_fallos_reg[3] cannot be properly analyzed as its control pin Inst_FSM/contador_fallos_reg[3]/G is not reached by a timing clock
Related violations: <none>

TIMING-20#63 Warning
Non-clocked latch  
The latch Inst_FSM/contador_fallos_reg[4] cannot be properly analyzed as its control pin Inst_FSM/contador_fallos_reg[4]/G is not reached by a timing clock
Related violations: <none>

TIMING-20#64 Warning
Non-clocked latch  
The latch Inst_FSM/contador_fallos_reg[5] cannot be properly analyzed as its control pin Inst_FSM/contador_fallos_reg[5]/G is not reached by a timing clock
Related violations: <none>

TIMING-20#65 Warning
Non-clocked latch  
The latch Inst_FSM/contador_fallos_reg[6] cannot be properly analyzed as its control pin Inst_FSM/contador_fallos_reg[6]/G is not reached by a timing clock
Related violations: <none>

TIMING-20#66 Warning
Non-clocked latch  
The latch Inst_FSM/contador_fallos_reg[7] cannot be properly analyzed as its control pin Inst_FSM/contador_fallos_reg[7]/G is not reached by a timing clock
Related violations: <none>

TIMING-20#67 Warning
Non-clocked latch  
The latch Inst_FSM/contador_fallos_reg[8] cannot be properly analyzed as its control pin Inst_FSM/contador_fallos_reg[8]/G is not reached by a timing clock
Related violations: <none>

TIMING-20#68 Warning
Non-clocked latch  
The latch Inst_FSM/contador_fallos_reg[9] cannot be properly analyzed as its control pin Inst_FSM/contador_fallos_reg[9]/G is not reached by a timing clock
Related violations: <none>

TIMING-20#69 Warning
Non-clocked latch  
The latch Inst_FSM/current_pasw_reg[0] cannot be properly analyzed as its control pin Inst_FSM/current_pasw_reg[0]/G is not reached by a timing clock
Related violations: <none>

TIMING-20#70 Warning
Non-clocked latch  
The latch Inst_FSM/current_pasw_reg[10] cannot be properly analyzed as its control pin Inst_FSM/current_pasw_reg[10]/G is not reached by a timing clock
Related violations: <none>

TIMING-20#71 Warning
Non-clocked latch  
The latch Inst_FSM/current_pasw_reg[11] cannot be properly analyzed as its control pin Inst_FSM/current_pasw_reg[11]/G is not reached by a timing clock
Related violations: <none>

TIMING-20#72 Warning
Non-clocked latch  
The latch Inst_FSM/current_pasw_reg[12] cannot be properly analyzed as its control pin Inst_FSM/current_pasw_reg[12]/G is not reached by a timing clock
Related violations: <none>

TIMING-20#73 Warning
Non-clocked latch  
The latch Inst_FSM/current_pasw_reg[13] cannot be properly analyzed as its control pin Inst_FSM/current_pasw_reg[13]/G is not reached by a timing clock
Related violations: <none>

TIMING-20#74 Warning
Non-clocked latch  
The latch Inst_FSM/current_pasw_reg[14] cannot be properly analyzed as its control pin Inst_FSM/current_pasw_reg[14]/G is not reached by a timing clock
Related violations: <none>

TIMING-20#75 Warning
Non-clocked latch  
The latch Inst_FSM/current_pasw_reg[15] cannot be properly analyzed as its control pin Inst_FSM/current_pasw_reg[15]/G is not reached by a timing clock
Related violations: <none>

TIMING-20#76 Warning
Non-clocked latch  
The latch Inst_FSM/current_pasw_reg[16] cannot be properly analyzed as its control pin Inst_FSM/current_pasw_reg[16]/G is not reached by a timing clock
Related violations: <none>

TIMING-20#77 Warning
Non-clocked latch  
The latch Inst_FSM/current_pasw_reg[17] cannot be properly analyzed as its control pin Inst_FSM/current_pasw_reg[17]/G is not reached by a timing clock
Related violations: <none>

TIMING-20#78 Warning
Non-clocked latch  
The latch Inst_FSM/current_pasw_reg[18] cannot be properly analyzed as its control pin Inst_FSM/current_pasw_reg[18]/G is not reached by a timing clock
Related violations: <none>

TIMING-20#79 Warning
Non-clocked latch  
The latch Inst_FSM/current_pasw_reg[19] cannot be properly analyzed as its control pin Inst_FSM/current_pasw_reg[19]/G is not reached by a timing clock
Related violations: <none>

TIMING-20#80 Warning
Non-clocked latch  
The latch Inst_FSM/current_pasw_reg[1] cannot be properly analyzed as its control pin Inst_FSM/current_pasw_reg[1]/G is not reached by a timing clock
Related violations: <none>

TIMING-20#81 Warning
Non-clocked latch  
The latch Inst_FSM/current_pasw_reg[20] cannot be properly analyzed as its control pin Inst_FSM/current_pasw_reg[20]/G is not reached by a timing clock
Related violations: <none>

TIMING-20#82 Warning
Non-clocked latch  
The latch Inst_FSM/current_pasw_reg[21] cannot be properly analyzed as its control pin Inst_FSM/current_pasw_reg[21]/G is not reached by a timing clock
Related violations: <none>

TIMING-20#83 Warning
Non-clocked latch  
The latch Inst_FSM/current_pasw_reg[22] cannot be properly analyzed as its control pin Inst_FSM/current_pasw_reg[22]/G is not reached by a timing clock
Related violations: <none>

TIMING-20#84 Warning
Non-clocked latch  
The latch Inst_FSM/current_pasw_reg[23] cannot be properly analyzed as its control pin Inst_FSM/current_pasw_reg[23]/G is not reached by a timing clock
Related violations: <none>

TIMING-20#85 Warning
Non-clocked latch  
The latch Inst_FSM/current_pasw_reg[24] cannot be properly analyzed as its control pin Inst_FSM/current_pasw_reg[24]/G is not reached by a timing clock
Related violations: <none>

TIMING-20#86 Warning
Non-clocked latch  
The latch Inst_FSM/current_pasw_reg[25] cannot be properly analyzed as its control pin Inst_FSM/current_pasw_reg[25]/G is not reached by a timing clock
Related violations: <none>

TIMING-20#87 Warning
Non-clocked latch  
The latch Inst_FSM/current_pasw_reg[26] cannot be properly analyzed as its control pin Inst_FSM/current_pasw_reg[26]/G is not reached by a timing clock
Related violations: <none>

TIMING-20#88 Warning
Non-clocked latch  
The latch Inst_FSM/current_pasw_reg[27] cannot be properly analyzed as its control pin Inst_FSM/current_pasw_reg[27]/G is not reached by a timing clock
Related violations: <none>

TIMING-20#89 Warning
Non-clocked latch  
The latch Inst_FSM/current_pasw_reg[2] cannot be properly analyzed as its control pin Inst_FSM/current_pasw_reg[2]/G is not reached by a timing clock
Related violations: <none>

TIMING-20#90 Warning
Non-clocked latch  
The latch Inst_FSM/current_pasw_reg[3] cannot be properly analyzed as its control pin Inst_FSM/current_pasw_reg[3]/G is not reached by a timing clock
Related violations: <none>

TIMING-20#91 Warning
Non-clocked latch  
The latch Inst_FSM/current_pasw_reg[4] cannot be properly analyzed as its control pin Inst_FSM/current_pasw_reg[4]/G is not reached by a timing clock
Related violations: <none>

TIMING-20#92 Warning
Non-clocked latch  
The latch Inst_FSM/current_pasw_reg[5] cannot be properly analyzed as its control pin Inst_FSM/current_pasw_reg[5]/G is not reached by a timing clock
Related violations: <none>

TIMING-20#93 Warning
Non-clocked latch  
The latch Inst_FSM/current_pasw_reg[6] cannot be properly analyzed as its control pin Inst_FSM/current_pasw_reg[6]/G is not reached by a timing clock
Related violations: <none>

TIMING-20#94 Warning
Non-clocked latch  
The latch Inst_FSM/current_pasw_reg[7] cannot be properly analyzed as its control pin Inst_FSM/current_pasw_reg[7]/G is not reached by a timing clock
Related violations: <none>

TIMING-20#95 Warning
Non-clocked latch  
The latch Inst_FSM/current_pasw_reg[8] cannot be properly analyzed as its control pin Inst_FSM/current_pasw_reg[8]/G is not reached by a timing clock
Related violations: <none>

TIMING-20#96 Warning
Non-clocked latch  
The latch Inst_FSM/current_pasw_reg[9] cannot be properly analyzed as its control pin Inst_FSM/current_pasw_reg[9]/G is not reached by a timing clock
Related violations: <none>

TIMING-20#97 Warning
Non-clocked latch  
The latch Inst_FSM/error_pasw_reg cannot be properly analyzed as its control pin Inst_FSM/error_pasw_reg/G is not reached by a timing clock
Related violations: <none>


